<?xml version="1.0" encoding="UTF-8" ?>
<testsuite tests="10" failures="1" name="TestSuite" time="26.628" errors="0" skipped="9">
  <properties>
[...]
</properties>
  <testcase classname="testcases.FlipboardLoginTest" name="init" time="8.874">
    <failure message="The main Appium script does not exist at &apos;C:\WINDOWS\system32\config\systemprofile\AppData\Roaming\npm\node_modules\appium\build\lib\main.js&apos;" type="io.appium.java_client.service.local.InvalidServerInstanceException">io.appium.java_client.service.local.InvalidServerInstanceException: The main Appium script does not exist at &apos;C:\WINDOWS\system32\config\systemprofile\AppData\Roaming\npm\node_modules\appium\build\lib\main.js&apos;
	at io.appium.java_client.service.local.AppiumServiceBuilder.findMainScript(AppiumServiceBuilder.java:163)
	at io.appium.java_client.service.local.AppiumServiceBuilder.loadPathToMainScript(AppiumServiceBuilder.java:317)
	at io.appium.java_client.service.local.AppiumServiceBuilder.createArgs(AppiumServiceBuilder.java:373)
	at org.openqa.selenium.remote.service.DriverService$Builder.build(DriverService.java:358)
	at io.appium.java_client.service.local.AppiumDriverLocalService.buildService(AppiumDriverLocalService.java:91)
	at io.appium.java_client.service.local.AppiumDriverLocalService.buildDefaultService(AppiumDriverLocalService.java:87)
	at utilities.AppiumServer.start(AppiumServer.java:18)
	at base.TestBase.setUp(TestBase.java:47)
	at testcases.FlipboardLoginTest.init(FlipboardLoginTest.java:29)
</failure>
    <system-out>Configuring TestNG with: org.apache.maven.surefire.testng.conf.TestNG652Configurator@77f03bb1
</system-out>
    <system-err>SLF4J: Failed to load class &quot;org.slf4j.impl.StaticLoggerBinder&quot;.
SLF4J: Defaulting to no-operation (NOP) logger implementation
SLF4J: See http://www.slf4j.org/codes.html#StaticLoggerBinder for further details.
</system-err>
  </testcase>
  <testcase classname="testcases.FlipboardLoginTest" name="init" time="8.875">
    <skipped/>
  </testcase>
  <testcase classname="testcases.FlipboardLoginTest" name="init" time="8.876">
    <skipped/>
  </testcase>
  <testcase classname="testcases.SearchItemTest" name="searchItemTest" time="0">
    <skipped/>
    <system-out>searchItemTest
Total rows are : 15
Test case starts from row num: 13
Total rows of data are : 1
Total cols are : 3
</system-out>
    <system-err>ERROR StatusLogger Log4j2 could not find a logging implementation. Please add log4j-core to the classpath. Using SimpleLogger to log to the console...
</system-err>
  </testcase>
  <testcase classname="testcases.TitleSectionTest" name="validateTitle" time="0">
    <skipped/>
    <system-out>validateTitle
Total rows are : 15
Test case starts from row num: 9
Total rows of data are : 1
Total cols are : 2
</system-out>
  </testcase>
  <testcase classname="testcases.FlipboardLoginTest" name="validateGetStartedButton" time="0">
    <skipped/>
    <system-out>validateGetStartedButton
Total rows are : 15
Test case starts from row num: 1
Total rows of data are : 1
Total cols are : 2
</system-out>
  </testcase>
  <testcase classname="testcases.FlipboardLoginTest" name="chooseTopicsTest" time="0">
    <skipped/>
    <system-out>chooseTopicsTest
Total rows are : 15
Test case starts from row num: 5
Total rows of data are : 1
Total cols are : 2
</system-out>
  </testcase>
  <testcase classname="testcases.FlipboardLoginTest" name="quitDriver" time="0.001">
    <skipped/>
  </testcase>
  <testcase classname="testcases.FlipboardLoginTest" name="quitDriver" time="0.001">
    <skipped/>
  </testcase>
  <testcase classname="testcases.FlipboardLoginTest" name="quitDriver" time="0.001">
    <skipped/>
  </testcase>
</testsuite>